<?xml version="1.0" encoding="UTF-8"?>
<testsuite xmlns:xsi="http://www.w3.org/2001/XMLSchema-instance" xsi:noNamespaceSchemaLocation="https://maven.apache.org/surefire/maven-surefire-plugin/xsd/surefire-test-report-3.0.xsd" version="3.0" name="com.example.sipclient.chat.MessageHandlerTest" time="0.022" tests="2" errors="0" skipped="0" failures="0">
  <properties>
[...]
</properties>
  <testcase name="keepsOnlyLastTwentyMessagesPerSession" classname="com.example.sipclient.chat.MessageHandlerTest" time="0.017">
    <system-out><![CDATA[20:51:47.805 [main] INFO com.example.sipclient.chat.MessageHandler -- 已向 sip:alice@example.com 发送消息：msg-0
已向 sip:alice@example.com 发送消息：msg-0
20:51:47.806 [main] INFO com.example.sipclient.chat.MessageHandler -- 已向 sip:alice@example.com 发送消息：msg-1
已向 sip:alice@example.com 发送消息：msg-1
20:51:47.807 [main] INFO com.example.sipclient.chat.MessageHandler -- 已向 sip:alice@example.com 发送消息：msg-2
已向 sip:alice@example.com 发送消息：msg-2
20:51:47.807 [main] INFO com.example.sipclient.chat.MessageHandler -- 已向 sip:alice@example.com 发送消息：msg-3
已向 sip:alice@example.com 发送消息：msg-3
20:51:47.807 [main] INFO com.example.sipclient.chat.MessageHandler -- 已向 sip:alice@example.com 发送消息：msg-4
已向 sip:alice@example.com 发送消息：msg-4
20:51:47.807 [main] INFO com.example.sipclient.chat.MessageHandler -- 已向 sip:alice@example.com 发送消息：msg-5
已向 sip:alice@example.com 发送消息：msg-5
20:51:47.808 [main] INFO com.example.sipclient.chat.MessageHandler -- 已向 sip:alice@example.com 发送消息：msg-6
已向 sip:alice@example.com 发送消息：msg-6
20:51:47.808 [main] INFO com.example.sipclient.chat.MessageHandler -- 已向 sip:alice@example.com 发送消息：msg-7
已向 sip:alice@example.com 发送消息：msg-7
20:51:47.809 [main] INFO com.example.sipclient.chat.MessageHandler -- 已向 sip:alice@example.com 发送消息：msg-8
已向 sip:alice@example.com 发送消息：msg-8
20:51:47.809 [main] INFO com.example.sipclient.chat.MessageHandler -- 已向 sip:alice@example.com 发送消息：msg-9
已向 sip:alice@example.com 发送消息：msg-9
20:51:47.809 [main] INFO com.example.sipclient.chat.MessageHandler -- 已向 sip:alice@example.com 发送消息：msg-10
已向 sip:alice@example.com 发送消息：msg-10
20:51:47.809 [main] INFO com.example.sipclient.chat.MessageHandler -- 已向 sip:alice@example.com 发送消息：msg-11
已向 sip:alice@example.com 发送消息：msg-11
20:51:47.809 [main] INFO com.example.sipclient.chat.MessageHandler -- 已向 sip:alice@example.com 发送消息：msg-12
已向 sip:alice@example.com 发送消息：msg-12
20:51:47.810 [main] INFO com.example.sipclient.chat.MessageHandler -- 已向 sip:alice@example.com 发送消息：msg-13
已向 sip:alice@example.com 发送消息：msg-13
20:51:47.810 [main] INFO com.example.sipclient.chat.MessageHandler -- 已向 sip:alice@example.com 发送消息：msg-14
已向 sip:alice@example.com 发送消息：msg-14
20:51:47.810 [main] INFO com.example.sipclient.chat.MessageHandler -- 已向 sip:alice@example.com 发送消息：msg-15
已向 sip:alice@example.com 发送消息：msg-15
20:51:47.810 [main] INFO com.example.sipclient.chat.MessageHandler -- 已向 sip:alice@example.com 发送消息：msg-16
已向 sip:alice@example.com 发送消息：msg-16
20:51:47.810 [main] INFO com.example.sipclient.chat.MessageHandler -- 已向 sip:alice@example.com 发送消息：msg-17
已向 sip:alice@example.com 发送消息：msg-17
20:51:47.810 [main] INFO com.example.sipclient.chat.MessageHandler -- 已向 sip:alice@example.com 发送消息：msg-18
已向 sip:alice@example.com 发送消息：msg-18
20:51:47.810 [main] INFO com.example.sipclient.chat.MessageHandler -- 已向 sip:alice@example.com 发送消息：msg-19
已向 sip:alice@example.com 发送消息：msg-19
20:51:47.811 [main] INFO com.example.sipclient.chat.MessageHandler -- 已向 sip:alice@example.com 发送消息：msg-20
已向 sip:alice@example.com 发送消息：msg-20
20:51:47.811 [main] INFO com.example.sipclient.chat.MessageHandler -- 已向 sip:alice@example.com 发送消息：msg-21
已向 sip:alice@example.com 发送消息：msg-21
20:51:47.811 [main] INFO com.example.sipclient.chat.MessageHandler -- 已向 sip:alice@example.com 发送消息：msg-22
已向 sip:alice@example.com 发送消息：msg-22
20:51:47.811 [main] INFO com.example.sipclient.chat.MessageHandler -- 已向 sip:alice@example.com 发送消息：msg-23
已向 sip:alice@example.com 发送消息：msg-23
20:51:47.811 [main] INFO com.example.sipclient.chat.MessageHandler -- 已向 sip:alice@example.com 发送消息：msg-24
已向 sip:alice@example.com 发送消息：msg-24
]]></system-out>
  </testcase>
  <testcase name="recordsIncomingAndOutgoingMessages" classname="com.example.sipclient.chat.MessageHandlerTest" time="0.004">
    <system-out><![CDATA[20:51:47.816 [main] INFO com.example.sipclient.chat.MessageHandler -- 收到来自 sip:bob@example.com 的消息：hello
20:51:47.817 [main] INFO com.example.sipclient.chat.MessageHandler -- 已向 sip:bob@example.com 发送消息：hi there
]]></system-out>
  </testcase>
</testsuite>